[2023-10-12 12:54:57,541] {taskinstance.py:896} INFO - Dependencies all met for <TaskInstance: job_posting_aggregator.load_linkedin 2023-10-12T12:54:50.277846+00:00 [None]>
[2023-10-12 12:54:57,571] {taskinstance.py:896} INFO - Dependencies all met for <TaskInstance: job_posting_aggregator.load_linkedin 2023-10-12T12:54:50.277846+00:00 [None]>
[2023-10-12 12:54:57,573] {taskinstance.py:1087} INFO - 
--------------------------------------------------------------------------------
[2023-10-12 12:54:57,574] {taskinstance.py:1088} INFO - Starting attempt 1 of 2
[2023-10-12 12:54:57,580] {taskinstance.py:1089} INFO - 
--------------------------------------------------------------------------------
[2023-10-12 12:54:57,602] {taskinstance.py:1107} INFO - Executing <Task(PythonOperator): load_linkedin> on 2023-10-12T12:54:50.277846+00:00
[2023-10-12 12:54:57,616] {standard_task_runner.py:52} INFO - Started process 559 to run task
[2023-10-12 12:54:57,637] {standard_task_runner.py:76} INFO - Running: ['***', 'tasks', 'run', 'job_posting_aggregator', 'load_linkedin', '2023-10-12T12:54:50.277846+00:00', '--job-id', '5', '--pool', 'default_pool', '--raw', '--subdir', 'DAGS_FOLDER/get_jobs_data.py', '--cfg-path', '/tmp/tmp627wz47i', '--error-file', '/tmp/tmpy8w33w10']
[2023-10-12 12:54:57,640] {standard_task_runner.py:77} INFO - Job 5: Subtask load_linkedin
[2023-10-12 12:54:57,730] {logging_mixin.py:104} INFO - Running <TaskInstance: job_posting_aggregator.load_linkedin 2023-10-12T12:54:50.277846+00:00 [running]> on host efd3d1a8789c
[2023-10-12 12:54:57,814] {taskinstance.py:1302} INFO - Exporting the following env vars:
AIRFLOW_CTX_DAG_OWNER=you
AIRFLOW_CTX_DAG_ID=job_posting_aggregator
AIRFLOW_CTX_TASK_ID=load_linkedin
AIRFLOW_CTX_EXECUTION_DATE=2023-10-12T12:54:50.277846+00:00
[2023-10-12 12:54:57,823] {base.py:78} INFO - Using connection to: id: mongo_default. Host: mongo, Port: 27017, Schema: job_listing_db, Login: None, Password: None, extra: {}
[2023-10-12 12:54:57,864] {python.py:151} INFO - Done. Returned value was: None
[2023-10-12 12:54:57,887] {taskinstance.py:1211} INFO - Marking task as SUCCESS. dag_id=job_posting_aggregator, task_id=load_linkedin, execution_date=20231012T125450, start_date=20231012T125457, end_date=20231012T125457
[2023-10-12 12:54:57,968] {local_task_job.py:151} INFO - Task exited with return code 1
