[2023-10-11 17:50:30,779] {taskinstance.py:876} INFO - Dependencies all met for <TaskInstance: job_posting_aggregator.transform_linkedin 2023-10-11T17:50:21.111742+00:00 [queued]>
[2023-10-11 17:50:30,800] {taskinstance.py:876} INFO - Dependencies all met for <TaskInstance: job_posting_aggregator.transform_linkedin 2023-10-11T17:50:21.111742+00:00 [queued]>
[2023-10-11 17:50:30,801] {taskinstance.py:1067} INFO - 
--------------------------------------------------------------------------------
[2023-10-11 17:50:30,803] {taskinstance.py:1068} INFO - Starting attempt 1 of 2
[2023-10-11 17:50:30,811] {taskinstance.py:1069} INFO - 
--------------------------------------------------------------------------------
[2023-10-11 17:50:30,836] {taskinstance.py:1087} INFO - Executing <Task(PythonOperator): transform_linkedin> on 2023-10-11T17:50:21.111742+00:00
[2023-10-11 17:50:30,850] {standard_task_runner.py:52} INFO - Started process 18237 to run task
[2023-10-11 17:50:30,864] {standard_task_runner.py:76} INFO - Running: ['***', 'tasks', 'run', 'job_posting_aggregator', 'transform_linkedin', '2023-10-11T17:50:21.111742+00:00', '--job-id', '32', '--pool', 'default_pool', '--raw', '--subdir', 'DAGS_FOLDER/get_jobs_data.py', '--cfg-path', '/tmp/tmpz5ruv54w', '--error-file', '/tmp/tmpaftvw9r1']
[2023-10-11 17:50:30,872] {standard_task_runner.py:77} INFO - Job 32: Subtask transform_linkedin
[2023-10-11 17:50:30,967] {logging_mixin.py:104} INFO - Running <TaskInstance: job_posting_aggregator.transform_linkedin 2023-10-11T17:50:21.111742+00:00 [running]> on host 62cfcfb44bb5
[2023-10-11 17:50:31,085] {taskinstance.py:1282} INFO - Exporting the following env vars:
AIRFLOW_CTX_DAG_OWNER=you
AIRFLOW_CTX_DAG_ID=job_posting_aggregator
AIRFLOW_CTX_TASK_ID=transform_linkedin
AIRFLOW_CTX_EXECUTION_DATE=2023-10-11T17:50:21.111742+00:00
AIRFLOW_CTX_DAG_RUN_ID=manual__2023-10-11T17:50:21.111742+00:00
[2023-10-11 17:50:31,140] {get_jobs_data.py:407} INFO - 1 month ago
[2023-10-11 17:50:33,696] {get_jobs_data.py:407} INFO - 1 month ago
[2023-10-11 17:50:33,746] {get_jobs_data.py:407} INFO - 3 months ago
[2023-10-11 17:50:33,786] {get_jobs_data.py:265} INFO - Error detecting language. Error: expected string or bytes-like object
[2023-10-11 17:50:33,789] {get_jobs_data.py:407} INFO - 1 month ago
[2023-10-11 17:50:33,822] {get_jobs_data.py:407} INFO - 1 month ago
[2023-10-11 17:50:33,858] {get_jobs_data.py:407} INFO - 1 month ago
[2023-10-11 17:50:33,893] {get_jobs_data.py:265} INFO - Error detecting language. Error: expected string or bytes-like object
[2023-10-11 17:50:33,895] {get_jobs_data.py:407} INFO - 1 month ago
[2023-10-11 17:50:33,930] {get_jobs_data.py:407} INFO - 1 month ago
[2023-10-11 17:50:33,968] {get_jobs_data.py:407} INFO - 1 month ago
[2023-10-11 17:50:34,000] {get_jobs_data.py:407} INFO - 1 month ago
[2023-10-11 17:50:34,063] {python.py:151} INFO - Done. Returned value was: None
[2023-10-11 17:50:34,078] {taskinstance.py:1191} INFO - Marking task as SUCCESS. dag_id=job_posting_aggregator, task_id=transform_linkedin, execution_date=20231011T175021, start_date=20231011T175030, end_date=20231011T175034
[2023-10-11 17:50:34,115] {taskinstance.py:1245} INFO - 1 downstream tasks scheduled from follow-on schedule check
[2023-10-11 17:50:34,155] {local_task_job.py:151} INFO - Task exited with return code 0
