[2023-10-11 17:50:22,999] {taskinstance.py:876} INFO - Dependencies all met for <TaskInstance: job_posting_aggregator.scrape_linkedin 2023-10-11T17:50:21.111742+00:00 [queued]>
[2023-10-11 17:50:23,020] {taskinstance.py:876} INFO - Dependencies all met for <TaskInstance: job_posting_aggregator.scrape_linkedin 2023-10-11T17:50:21.111742+00:00 [queued]>
[2023-10-11 17:50:23,023] {taskinstance.py:1067} INFO - 
--------------------------------------------------------------------------------
[2023-10-11 17:50:23,025] {taskinstance.py:1068} INFO - Starting attempt 1 of 2
[2023-10-11 17:50:23,031] {taskinstance.py:1069} INFO - 
--------------------------------------------------------------------------------
[2023-10-11 17:50:23,054] {taskinstance.py:1087} INFO - Executing <Task(PythonOperator): scrape_linkedin> on 2023-10-11T17:50:21.111742+00:00
[2023-10-11 17:50:23,070] {standard_task_runner.py:52} INFO - Started process 18224 to run task
[2023-10-11 17:50:23,078] {standard_task_runner.py:76} INFO - Running: ['***', 'tasks', 'run', 'job_posting_aggregator', 'scrape_linkedin', '2023-10-11T17:50:21.111742+00:00', '--job-id', '31', '--pool', 'default_pool', '--raw', '--subdir', 'DAGS_FOLDER/get_jobs_data.py', '--cfg-path', '/tmp/tmpa_rpwvje', '--error-file', '/tmp/tmp1qje3hl1']
[2023-10-11 17:50:23,081] {standard_task_runner.py:77} INFO - Job 31: Subtask scrape_linkedin
[2023-10-11 17:50:23,152] {logging_mixin.py:104} INFO - Running <TaskInstance: job_posting_aggregator.scrape_linkedin 2023-10-11T17:50:21.111742+00:00 [running]> on host 62cfcfb44bb5
[2023-10-11 17:50:23,242] {taskinstance.py:1282} INFO - Exporting the following env vars:
AIRFLOW_CTX_DAG_OWNER=you
AIRFLOW_CTX_DAG_ID=job_posting_aggregator
AIRFLOW_CTX_TASK_ID=scrape_linkedin
AIRFLOW_CTX_EXECUTION_DATE=2023-10-11T17:50:21.111742+00:00
AIRFLOW_CTX_DAG_RUN_ID=manual__2023-10-11T17:50:21.111742+00:00
[2023-10-11 17:50:28,371] {get_jobs_data.py:150} INFO - https://www.linkedin.com/jobs-guest/jobs/api/jobPosting/3704998318
[2023-10-11 17:50:28,376] {get_jobs_data.py:158} INFO - publish_date: 1 month ago
[2023-10-11 17:50:28,977] {get_jobs_data.py:150} INFO - https://www.linkedin.com/jobs-guest/jobs/api/jobPosting/3705729043
[2023-10-11 17:50:28,981] {get_jobs_data.py:158} INFO - publish_date: 1 month ago
[2023-10-11 17:50:29,003] {get_jobs_data.py:213} INFO - 2023-10-11T17:50:29.003366
[2023-10-11 17:50:29,006] {get_jobs_data.py:213} INFO - Berlin, Germany
[2023-10-11 17:50:29,011] {get_jobs_data.py:213} INFO - Data Engineer
[2023-10-11 17:50:29,027] {python.py:151} INFO - Done. Returned value was: None
[2023-10-11 17:50:29,061] {taskinstance.py:1191} INFO - Marking task as SUCCESS. dag_id=job_posting_aggregator, task_id=scrape_linkedin, execution_date=20231011T175021, start_date=20231011T175023, end_date=20231011T175029
[2023-10-11 17:50:29,137] {taskinstance.py:1245} INFO - 1 downstream tasks scheduled from follow-on schedule check
[2023-10-11 17:50:29,164] {local_task_job.py:151} INFO - Task exited with return code 0
