[2023-10-12 12:57:59,966] {taskinstance.py:896} INFO - Dependencies all met for <TaskInstance: job_posting_aggregator.load_linkedin 2023-10-12T12:57:57.708675+00:00 [queued]>
[2023-10-12 12:58:00,050] {taskinstance.py:896} INFO - Dependencies all met for <TaskInstance: job_posting_aggregator.load_linkedin 2023-10-12T12:57:57.708675+00:00 [queued]>
[2023-10-12 12:58:00,086] {taskinstance.py:1087} INFO - 
--------------------------------------------------------------------------------
[2023-10-12 12:58:00,088] {taskinstance.py:1088} INFO - Starting attempt 1 of 2
[2023-10-12 12:58:00,090] {taskinstance.py:1089} INFO - 
--------------------------------------------------------------------------------
[2023-10-12 12:58:00,111] {taskinstance.py:1107} INFO - Executing <Task(PythonOperator): load_linkedin> on 2023-10-12T12:57:57.708675+00:00
[2023-10-12 12:58:00,127] {standard_task_runner.py:52} INFO - Started process 730 to run task
[2023-10-12 12:58:00,138] {standard_task_runner.py:76} INFO - Running: ['***', 'tasks', 'run', 'job_posting_aggregator', 'load_linkedin', '2023-10-12T12:57:57.708675+00:00', '--job-id', '6', '--pool', 'default_pool', '--raw', '--subdir', 'DAGS_FOLDER/get_jobs_data.py', '--cfg-path', '/tmp/tmpkwx_mx5u', '--error-file', '/tmp/tmp2ewspr7x']
[2023-10-12 12:58:00,143] {standard_task_runner.py:77} INFO - Job 6: Subtask load_linkedin
[2023-10-12 12:58:00,303] {logging_mixin.py:104} INFO - Running <TaskInstance: job_posting_aggregator.load_linkedin 2023-10-12T12:57:57.708675+00:00 [running]> on host efd3d1a8789c
[2023-10-12 12:58:00,502] {taskinstance.py:1302} INFO - Exporting the following env vars:
AIRFLOW_CTX_DAG_OWNER=you
AIRFLOW_CTX_DAG_ID=job_posting_aggregator
AIRFLOW_CTX_TASK_ID=load_linkedin
AIRFLOW_CTX_EXECUTION_DATE=2023-10-12T12:57:57.708675+00:00
AIRFLOW_CTX_DAG_RUN_ID=manual__2023-10-12T12:57:57.708675+00:00
[2023-10-12 12:58:00,508] {base.py:78} INFO - Using connection to: id: mongo_default. Host: mongo, Port: 27017, Schema: job_listing_db, Login: None, Password: None, extra: {}
[2023-10-12 12:58:00,561] {python.py:151} INFO - Done. Returned value was: None
[2023-10-12 12:58:00,600] {taskinstance.py:1211} INFO - Marking task as SUCCESS. dag_id=job_posting_aggregator, task_id=load_linkedin, execution_date=20231012T125757, start_date=20231012T125759, end_date=20231012T125800
[2023-10-12 12:58:00,659] {taskinstance.py:1265} INFO - 0 downstream tasks scheduled from follow-on schedule check
[2023-10-12 12:58:00,701] {local_task_job.py:151} INFO - Task exited with return code 0
